[     287ms] [ERROR] Failed to load resource: the server responded with a status of 401 (Unauthorized) @ http://localhost:5173/api/queues/:0
[     288ms] [ERROR] Error: X-User-Id header required in dev mode
    at request (http://localhost:5173/src/api/client.ts:23:11)
    at async http://localhost:5173/src/App.tsx:42:17 @ http://localhost:5173/src/App.tsx:50
[  626478ms] [ERROR] Failed to load resource: the server responded with a status of 401 (Unauthorized) @ http://localhost:5173/api/queues/:0
[  626478ms] [ERROR] Error: X-User-Id header required in dev mode
    at request (http://localhost:5173/src/api/client.ts:23:11)
    at async http://localhost:5173/src/App.tsx:42:17 @ http://localhost:5173/src/App.tsx:50
[  723676ms] [ERROR] WebSocket connection to 'ws://localhost:5173/?token=wAMLmpwL28hA' failed:  @ http://localhost:5173/@vite/client:744
[  798727ms] [ERROR] Failed to load resource: the server responded with a status of 401 () @ https://discord.com/api/v9/promotions?locale=en-US&platform=0:0
[  802135ms] [WARNING] The resource https://discord.com/assets/189422196a4f8b53.woff2 was preloaded using link preload but not used within a few seconds from the window's load event. Please make sure it has an appropriate `as` value and it is preloaded intentionally. @ https://discord.com/oauth2/authorize?client_id=1471269246213423226&redirect_uri=http%3A%2F%2Flocalhost%3A5173%2Fapi%2Fauth%2Fcallback&response_type=code&scope=identify+guilds:0
[  802135ms] [WARNING] The resource https://discord.com/assets/ce3b8055f5114434.woff2 was preloaded using link preload but not used within a few seconds from the window's load event. Please make sure it has an appropriate `as` value and it is preloaded intentionally. @ https://discord.com/oauth2/authorize?client_id=1471269246213423226&redirect_uri=http%3A%2F%2Flocalhost%3A5173%2Fapi%2Fauth%2Fcallback&response_type=code&scope=identify+guilds:0
[  802135ms] [WARNING] The resource https://discord.com/assets/cb2006dbced0e246.woff2 was preloaded using link preload but not used within a few seconds from the window's load event. Please make sure it has an appropriate `as` value and it is preloaded intentionally. @ https://discord.com/oauth2/authorize?client_id=1471269246213423226&redirect_uri=http%3A%2F%2Flocalhost%3A5173%2Fapi%2Fauth%2Fcallback&response_type=code&scope=identify+guilds:0
[  802135ms] [WARNING] The resource https://discord.com/assets/7a6a566c2e88a35d.woff2 was preloaded using link preload but not used within a few seconds from the window's load event. Please make sure it has an appropriate `as` value and it is preloaded intentionally. @ https://discord.com/oauth2/authorize?client_id=1471269246213423226&redirect_uri=http%3A%2F%2Flocalhost%3A5173%2Fapi%2Fauth%2Fcallback&response_type=code&scope=identify+guilds:0
[  802135ms] [WARNING] The resource https://discord.com/assets/e52f0cba712e2fb4.woff2 was preloaded using link preload but not used within a few seconds from the window's load event. Please make sure it has an appropriate `as` value and it is preloaded intentionally. @ https://discord.com/oauth2/authorize?client_id=1471269246213423226&redirect_uri=http%3A%2F%2Flocalhost%3A5173%2Fapi%2Fauth%2Fcallback&response_type=code&scope=identify+guilds:0
[  802135ms] [WARNING] The resource https://discord.com/assets/dd24010f3cf7def7.woff2 was preloaded using link preload but not used within a few seconds from the window's load event. Please make sure it has an appropriate `as` value and it is preloaded intentionally. @ https://discord.com/oauth2/authorize?client_id=1471269246213423226&redirect_uri=http%3A%2F%2Flocalhost%3A5173%2Fapi%2Fauth%2Fcallback&response_type=code&scope=identify+guilds:0
[ 1613505ms] [ERROR] Failed to load resource: the server responded with a status of 401 (Unauthorized) @ http://localhost:5173/api/users/:0
[ 1613505ms] [ERROR] Error: X-User-Id header required in dev mode
    at request (http://localhost:5173/src/api/client.ts:23:11) @ :0
[ 1613505ms] [ERROR] Failed to load resource: the server responded with a status of 401 (Unauthorized) @ http://localhost:5173/api/queues/:0
[ 1613505ms] [ERROR] Error: X-User-Id header required in dev mode
    at request (http://localhost:5173/src/api/client.ts:23:11)
    at async http://localhost:5173/src/App.tsx:42:17 @ http://localhost:5173/src/App.tsx:50
[ 2027656ms] [ERROR] Failed to load resource: the server responded with a status of 401 (Unauthorized) @ http://localhost:5173/api/users/:0
[ 2027656ms] [ERROR] Error: X-User-Id header required in dev mode
    at request (http://localhost:5173/src/api/client.ts:23:11) @ :0
[ 2027657ms] [ERROR] Failed to load resource: the server responded with a status of 401 (Unauthorized) @ http://localhost:5173/api/queues/:0
[ 2027657ms] [ERROR] Error: X-User-Id header required in dev mode
    at request (http://localhost:5173/src/api/client.ts:23:11)
    at async http://localhost:5173/src/App.tsx:42:17 @ http://localhost:5173/src/App.tsx:50
